<?xml version="1.0" encoding="UTF-8"?>
<!-- Generated by org.testng.reporters.JUnitReportReporter -->
<testsuite hostname="Shadman-IT" failures="0" tests="1" name="Appiumnew.MiscelaniousAppliumActions" time="25.613" errors="0" timestamp="23 Oct 2022 17:42:22 GMT" skipped="0">
  <testcase classname="Appiumnew.MiscelaniousAppliumActions" name="Miscellanous" time="25.613"/>
</testsuite> <!-- Appiumnew.MiscelaniousAppliumActions -->
