<?xml version="1.0" encoding="UTF-8"?>
<!-- Generated by org.testng.reporters.JUnitReportReporter -->
<testsuite hostname="Shadman-IT" failures="0" tests="1" name="Appiumnew.ScrollDemo" time="27.717" errors="0" timestamp="16 Oct 2022 15:53:48 GMT" skipped="0">
  <testcase classname="Appiumnew.ScrollDemo" name="ScrollDemoTest" time="27.717"/>
</testsuite> <!-- Appiumnew.ScrollDemo -->
