<?xml version="1.0" encoding="UTF-8"?>
<!-- Generated by org.testng.reporters.JUnitReportReporter -->
<testsuite hostname="Shadman-IT" failures="0" tests="1" name="Appiumnew.MiscelaniousAppliumActions" time="11.863" errors="0" timestamp="16 Oct 2022 19:51:13 GMT" skipped="0">
  <testcase classname="Appiumnew.MiscelaniousAppliumActions" name="Miscellanous" time="11.863"/>
</testsuite> <!-- Appiumnew.MiscelaniousAppliumActions -->
