<?xml version="1.0" encoding="UTF-8"?>
<!-- Generated by org.testng.reporters.JUnitReportReporter -->
<testsuite hostname="Shadman-IT" failures="0" tests="1" name="Appiumnew.eCommerce_tc_toastmessage" time="15.420" errors="0" timestamp="30 Oct 2022 17:34:15 GMT" skipped="0">
  <testcase classname="Appiumnew.eCommerce_tc_toastmessage" name="toastmessagevalidation" time="15.420"/>
</testsuite> <!-- Appiumnew.eCommerce_tc_toastmessage -->
