<?xml version="1.0" encoding="UTF-8"?>
<!-- Generated by org.testng.reporters.JUnitReportReporter -->
<testsuite hostname="Shadman-IT" failures="0" tests="1" name="Appiumnew.eCommerce_tc_1" time="21.712" errors="0" timestamp="30 Oct 2022 16:46:02 GMT" skipped="0">
  <testcase classname="Appiumnew.eCommerce_tc_1" name="FillForm" time="21.712"/>
</testsuite> <!-- Appiumnew.eCommerce_tc_1 -->
