<?xml version="1.0" encoding="UTF-8"?>
<!-- Generated by org.testng.reporters.JUnitReportReporter -->
<testsuite hostname="Shadman-IT" failures="0" tests="1" name="Appiumnew.LongPress" time="11.450" errors="0" timestamp="13 Oct 2022 09:49:52 GMT" skipped="0">
  <testcase classname="Appiumnew.LongPress" name="LongPressGesture" time="11.450"/>
</testsuite> <!-- Appiumnew.LongPress -->
