<?xml version="1.0" encoding="UTF-8"?>
<!-- Generated by org.testng.reporters.JUnitReportReporter -->
<testsuite hostname="Shadman-IT" failures="0" tests="1" name="Appiumnew.eCommerce_tc_1" time="20.179" errors="0" timestamp="25 Oct 2022 05:51:25 GMT" skipped="0">
  <testcase classname="Appiumnew.eCommerce_tc_1" name="FillForm" time="20.179"/>
</testsuite> <!-- Appiumnew.eCommerce_tc_1 -->
