<?xml version="1.0" encoding="UTF-8"?>
<!-- Generated by org.testng.reporters.JUnitReportReporter -->
<testsuite hostname="Shadman-IT" failures="0" tests="1" name="Appiumnew.DragDropDemo" time="5.529" errors="0" timestamp="16 Oct 2022 18:51:02 GMT" skipped="0">
  <testcase classname="Appiumnew.DragDropDemo" name="DragDropTest" time="5.529"/>
</testsuite> <!-- Appiumnew.DragDropDemo -->
