<?xml version="1.0" encoding="UTF-8"?>
<!-- Generated by org.testng.reporters.JUnitReportReporter -->
<testsuite hostname="Shadman-IT" failures="0" tests="1" name="Appiumnew.eCommerce_tc_2" time="29.716" errors="0" timestamp="30 Oct 2022 19:33:00 GMT" skipped="0">
  <testcase classname="Appiumnew.eCommerce_tc_2" name="FillForm" time="29.716"/>
</testsuite> <!-- Appiumnew.eCommerce_tc_2 -->
